<?xml version="1.0" encoding="UTF-8"?>
<testng-results skipped="0" failed="0" ignored="0" total="1" passed="1">
  <reporter-output>
  </reporter-output>
  <suite name="Default suite" duration-ms="7386" started-at="2018-01-09T16:34:04Z" finished-at="2018-01-09T16:34:11Z">
    <groups>
    </groups>
    <test name="Default test" duration-ms="7386" started-at="2018-01-09T16:34:04Z" finished-at="2018-01-09T16:34:11Z">
      <class name="test.test.DemoSiteTest">
        <test-method status="PASS" signature="createUser()[pri:1, instance:test.test.DemoSiteTest@223aa2f7]" name="createUser" duration-ms="7370" started-at="2018-01-09T16:34:04Z" finished-at="2018-01-09T16:34:11Z">
          <reporter-output>
          </reporter-output>
        </test-method> <!-- createUser -->
      </class> <!-- test.test.DemoSiteTest -->
    </test> <!-- Default test -->
  </suite> <!-- Default suite -->
</testng-results>
